0 info it worked if it ends with ok
1 verbose cli [ 'node',
1 verbose cli   '/usr/local/bin/npm',
1 verbose cli   'version',
1 verbose cli   'patch',
1 verbose cli   '-m',
1 verbose cli   'export util' ]
2 info using npm@2.10.0
3 info using node@v0.12.3
4 verbose node symlink /usr/bin/node
5 info git [ 'status', '--porcelain' ]
6 verbose stack Error: Git working directory not clean.
6 verbose stack M  .npmignore
6 verbose stack AM npm-debug.log
6 verbose stack M  package.json
6 verbose stack M  src/main.js
6 verbose stack     at /usr/local/lib/node_modules/npm/lib/version.js:138:37
6 verbose stack     at ChildProcess.exithandler (child_process.js:742:7)
6 verbose stack     at ChildProcess.emit (events.js:110:17)
6 verbose stack     at maybeClose (child_process.js:1015:16)
6 verbose stack     at Socket.<anonymous> (child_process.js:1183:11)
6 verbose stack     at Socket.emit (events.js:107:17)
6 verbose stack     at Pipe.close (net.js:485:12)
7 verbose cwd /home/ubuntu/gamedev/okeyground
8 error Linux 3.13.0-53-generic
9 error argv "node" "/usr/local/bin/npm" "version" "patch" "-m" "export util"
10 error node v0.12.3
11 error npm  v2.10.0
12 error Git working directory not clean.
12 error M  .npmignore
12 error AM npm-debug.log
12 error M  package.json
12 error M  src/main.js
13 error If you need help, you may report this error at:
13 error     <https://github.com/npm/npm/issues>
14 verbose exit [ 1, true ]
